<?xml version="1.0" encoding="UTF-8"?>
<testng-results skipped="0" failed="0" ignored="0" total="1" passed="1">
  <reporter-output>
  </reporter-output>
  <suite name="Suite" duration-ms="36" started-at="2023-03-10T17:53:56 IST" finished-at="2023-03-10T17:53:56 IST">
    <groups>
    </groups>
    <test name="Test" duration-ms="36" started-at="2023-03-10T17:53:56 IST" finished-at="2023-03-10T17:53:56 IST">
      <class name="com.send.Class1">
        <test-method status="PASS" signature="test1()[pri:0, instance:com.send.Class1@4e1d422d]" name="test1" duration-ms="4" started-at="2023-03-10T17:53:56 IST" finished-at="2023-03-10T17:53:56 IST">
          <reporter-output>
          </reporter-output>
        </test-method> <!-- test1 -->
      </class> <!-- com.send.Class1 -->
    </test> <!-- Test -->
  </suite> <!-- Suite -->
</testng-results>
