<?xml version="1.0" encoding="UTF-8"?>
<testng-results ignored="0" total="1" passed="1" failed="0" skipped="0">
  <reporter-output>
  </reporter-output>
  <suite started-at="2023-03-10T17:46:34 IST" name="Suite" finished-at="2023-03-10T17:46:34 IST" duration-ms="47">
    <groups>
    </groups>
    <test started-at="2023-03-10T17:46:34 IST" name="Test" finished-at="2023-03-10T17:46:34 IST" duration-ms="47">
      <class name="com.send.Class1">
        <test-method signature="test1()[pri:0, instance:com.send.Class1@32b260fa]" started-at="2023-03-10T17:46:34 IST" name="test1" finished-at="2023-03-10T17:46:34 IST" duration-ms="8" status="PASS">
          <reporter-output>
          </reporter-output>
        </test-method> <!-- test1 -->
      </class> <!-- com.send.Class1 -->
    </test> <!-- Test -->
  </suite> <!-- Suite -->
</testng-results>
